<?xml version="1.0" encoding="UTF-8"?>
<!-- Generated by org.testng.reporters.JUnitXMLReporter -->
<testsuite ignored="1" hostname="Prakhers-MacBook-Air.local" failures="0" tests="1" name="errorValidation" time="22.614" errors="0" timestamp="2025-08-19T23:35:03 IST">
  <testcase classname="testpractice.test.errorValidation" name="productValidation" time="12.582"/>
  <testcase classname="testpractice.test.errorValidation" name="submitOrder" time="0.0">
    <ignored/>
  </testcase> <!-- submitOrder -->
</testsuite> <!-- errorValidation -->
