<?xml version="1.0" encoding="UTF-8"?>
<!-- Generated by org.testng.reporters.JUnitXMLReporter -->
<testsuite ignored="0" hostname="Prakhers-MacBook-Air.local" failures="0" tests="2" name="error validation Test" time="32.767" errors="0" timestamp="2025-04-05T17:46:44 IST">
  <testcase classname="testpractice.test.errorValidation" name="productValidation" time="12.695"/>
  <testcase classname="testpractice.test.errorValidation" name="submitOrder" time="2.334"/>
</testsuite> <!-- error validation Test -->
