<?xml version="1.0" encoding="UTF-8"?>
<!-- Generated by org.testng.reporters.JUnitXMLReporter -->
<testsuite ignored="0" hostname="Prakhers-MacBook-Air.local" failures="1" tests="1" name="Submit order Test" time="30.057" errors="0" timestamp="2025-04-05T17:46:11 IST">
  <testcase classname="testpractice.test.submitOrderTest" name="submitOrder" time="20.527">
    <failure type="org.openqa.selenium.ElementClickInterceptedException" message="element click intercepted: Element &amp;lt;a _ngcontent-bap-c35=&amp;quot;&amp;quot; class=&amp;quot;btnn action__submit ng-star-inserted&amp;quot;&amp;gt;...&amp;lt;/a&amp;gt; is not clickable at point (1054, 536). Other element would receive the click: &amp;lt;div _ngcontent-bap-c35=&amp;quot;&amp;quot; class=&amp;quot;actions&amp;quot;&amp;gt;...&amp;lt;/div&amp;gt;
  (Session info: chrome=134.0.6998.167)
Build info: version: &amp;apos;4.30.0&amp;apos;, revision: &amp;apos;509c7f17cc*&amp;apos;
System info: os.name: &amp;apos;Mac OS X&amp;apos;, os.arch: &amp;apos;x86_64&amp;apos;, os.version: &amp;apos;15.3.2&amp;apos;, java.version: &amp;apos;21.0.5&amp;apos;
Driver info: org.openqa.selenium.chrome.ChromeDriver
Command: [5e64d0175aa1e4cf0ad463109d3d2e46, clickElement {id=f.7AD8E7901023CCD442AF7421BA9A11B8.d.BB2CB9002014A827035E419EA24E92E3.e.125}]
Capabilities {acceptInsecureCerts: false, browserName: chrome, browserVersion: 134.0.6998.167, chrome: {chromedriverVersion: 134.0.6998.165 (fd886e2cb29..., userDataDir: /var/folders/kq/tsm8vr15507...}, fedcm:accounts: true, goog:chromeOptions: {debuggerAddress: localhost:61072}, networkConnectionEnabled: false, pageLoadStrategy: normal, platformName: mac, proxy: Proxy(), se:cdp: ws://localhost:61072/devtoo..., se:cdpVersion: 134.0.6998.167, setWindowRect: true, strictFileInteractability: false, timeouts: {implicit: 0, pageLoad: 300000, script: 30000}, unhandledPromptBehavior: dismiss and notify, webauthn:extension:credBlob: true, webauthn:extension:largeBlob: true, webauthn:extension:minPinLength: true, webauthn:extension:prf: true, webauthn:virtualAuthenticators: true}
Element: [[ChromeDriver: chrome on mac (5e64d0175aa1e4cf0ad463109d3d2e46)] -&amp;gt; css selector: .action__submit]
Session ID: 5e64d0175aa1e4cf0ad463109d3d2e46">
      <![CDATA[org.openqa.selenium.ElementClickInterceptedException: element click intercepted: Element <a _ngcontent-bap-c35="" class="btnn action__submit ng-star-inserted">...</a> is not clickable at point (1054, 536). Other element would receive the click: <div _ngcontent-bap-c35="" class="actions">...</div>
  (Session info: chrome=134.0.6998.167)
Build info: version: '4.30.0', revision: '509c7f17cc*'
System info: os.name: 'Mac OS X', os.arch: 'x86_64', os.version: '15.3.2', java.version: '21.0.5'
Driver info: org.openqa.selenium.chrome.ChromeDriver
Command: [5e64d0175aa1e4cf0ad463109d3d2e46, clickElement {id=f.7AD8E7901023CCD442AF7421BA9A11B8.d.BB2CB9002014A827035E419EA24E92E3.e.125}]
Capabilities {acceptInsecureCerts: false, browserName: chrome, browserVersion: 134.0.6998.167, chrome: {chromedriverVersion: 134.0.6998.165 (fd886e2cb29..., userDataDir: /var/folders/kq/tsm8vr15507...}, fedcm:accounts: true, goog:chromeOptions: {debuggerAddress: localhost:61072}, networkConnectionEnabled: false, pageLoadStrategy: normal, platformName: mac, proxy: Proxy(), se:cdp: ws://localhost:61072/devtoo..., se:cdpVersion: 134.0.6998.167, setWindowRect: true, strictFileInteractability: false, timeouts: {implicit: 0, pageLoad: 300000, script: 30000}, unhandledPromptBehavior: dismiss and notify, webauthn:extension:credBlob: true, webauthn:extension:largeBlob: true, webauthn:extension:minPinLength: true, webauthn:extension:prf: true, webauthn:virtualAuthenticators: true}
Element: [[ChromeDriver: chrome on mac (5e64d0175aa1e4cf0ad463109d3d2e46)] -> css selector: .action__submit]
Session ID: 5e64d0175aa1e4cf0ad463109d3d2e46
at org.openqa.selenium.remote.ErrorCodec.decode(ErrorCodec.java:167)
at org.openqa.selenium.remote.codec.w3c.W3CHttpResponseCodec.decode(W3CHttpResponseCodec.java:138)
at org.openqa.selenium.remote.codec.w3c.W3CHttpResponseCodec.decode(W3CHttpResponseCodec.java:50)
at org.openqa.selenium.remote.HttpCommandExecutor.execute(HttpCommandExecutor.java:215)
at org.openqa.selenium.remote.service.DriverCommandExecutor.invokeExecute(DriverCommandExecutor.java:216)
at org.openqa.selenium.remote.service.DriverCommandExecutor.execute(DriverCommandExecutor.java:174)
at org.openqa.selenium.remote.RemoteWebDriver.execute(RemoteWebDriver.java:545)
at org.openqa.selenium.remote.RemoteWebElement.execute(RemoteWebElement.java:223)
at org.openqa.selenium.remote.RemoteWebElement.click(RemoteWebElement.java:76)
at org.openqa.selenium.support.pagefactory.internal.LocatingElementHandler.invoke(LocatingElementHandler.java:51)
at jdk.proxy2/jdk.proxy2.$Proxy12.click(Unknown Source)
at testpractice.pageobject.CheckoutPage.submitorder(CheckoutPage.java:47)
at testpractice.test.submitOrderTest.submitOrder(submitOrderTest.java:41)
at java.base/java.util.ArrayList.forEach(ArrayList.java:1596)
... Removed 30 stack frames]]>
    </failure>
  </testcase> <!-- submitOrder -->
</testsuite> <!-- Submit order Test -->
