<?xml version="1.0" encoding="UTF-8"?>
<testng-results ignored="0" total="1" passed="1" failed="0" skipped="0">
  <reporter-output>
  </reporter-output>
  <suite started-at="2025-04-04T16:11:01 IST" name="Default suite" finished-at="2025-04-04T16:11:44 IST" duration-ms="43197">
    <groups>
    </groups>
    <test started-at="2025-04-04T16:11:01 IST" name="Default test" finished-at="2025-04-04T16:11:44 IST" duration-ms="43197">
      <class name="testpractice.test.submitOrderTest">
        <test-method is-config="true" signature="launchApplication()[pri:0, instance:testpractice.test.submitOrderTest@4c371370]" started-at="2025-04-04T16:11:01 IST" name="launchApplication" finished-at="2025-04-04T16:11:11 IST" duration-ms="10708" status="PASS">
          <reporter-output>
          </reporter-output>
        </test-method> <!-- launchApplication -->
        <test-method signature="submitOrder()[pri:0, instance:testpractice.test.submitOrderTest@4c371370]" started-at="2025-04-04T16:11:11 IST" name="submitOrder" finished-at="2025-04-04T16:11:44 IST" duration-ms="32302" status="PASS">
          <reporter-output>
          </reporter-output>
        </test-method> <!-- submitOrder -->
        <test-method is-config="true" signature="teaddown()[pri:0, instance:testpractice.test.submitOrderTest@4c371370]" started-at="2025-04-04T16:11:44 IST" name="teaddown" finished-at="2025-04-04T16:11:44 IST" duration-ms="137" status="PASS">
          <reporter-output>
          </reporter-output>
        </test-method> <!-- teaddown -->
      </class> <!-- testpractice.test.submitOrderTest -->
    </test> <!-- Default test -->
  </suite> <!-- Default suite -->
</testng-results>
